<?xml version="1.0" encoding="UTF-8"?>
<!-- Generated by org.testng.reporters.JUnitReportReporter -->
<testsuite hostname="aasrs" name="com.crm.qa.testcases.LoginPageTest" tests="1" failures="0" timestamp="22 Mar 2020 16:49:01 GMT" time="48.913" errors="0">
  <testcase name="loginTest" time="48.913" classname="com.crm.qa.testcases.LoginPageTest"/>
</testsuite> <!-- com.crm.qa.testcases.LoginPageTest -->
