<?xml version="1.0" encoding="UTF-8"?>
<!-- Generated by org.testng.reporters.JUnitReportReporter -->
<testsuite hostname="aasrs" name="com.crm.qa.testcases.HomePageTest" tests="2" failures="0" timestamp="22 Mar 2020 17:48:02 GMT" time="49.778" errors="0">
  <testcase name="verifyHomePageLink" time="28.071" classname="com.crm.qa.testcases.HomePageTest"/>
  <testcase name="verifyHomePageTitleTest" time="21.707" classname="com.crm.qa.testcases.HomePageTest"/>
</testsuite> <!-- com.crm.qa.testcases.HomePageTest -->
